1546
40 600
40 599
40 598
40 597
40 596
40 595
40 594
40 593
40 592
40 591
40 590
40 589
40 588
40 587
40 586
40 585
41 585
42 585
43 585
44 585
45 585
46 585
47 585
48 585
48 584
49 584
50 584
51 584
52 584
53 584
54 584
55 584
56 584
57 584
57 583
58 583
59 583
60 583
61 583
62 583
63 583
64 583
65 583
66 583
67 583
68 583
69 583
70 583
71 583
72 583
73 583
74 583
75 583
76 583
77 583
78 583
78 582
78 581
78 580
79 580
80 580
80 579
81 579
82 579
83 579
83 578
84 578
85 578
86 578
87 578
88 578
89 578
90 578
90 577
91 577
92 577
93 577
94 577
95 577
96 577
97 577
98 577
99 577
100 577
101 577
102 577
103 577
104 577
104 576
105 576
106 576
106 575
107 575
107 574
108 574
109 574
110 574
111 574
112 574
113 574
114 574
115 574
116 574
116 573
117 573
118 573
119 573
119 572
120 572
120 571
120 570
120 569
120 568
121 568
122 568
123 568
124 568
125 568
126 568
127 568
128 568
129 568
130 568
131 568
132 568
133 568
134 568
135 568
136 568
137 568
138 568
139 568
140 568
141 568
142 568
143 568
143 567
144 567
145 567
146 567
147 567
148 567
149 567
150 567
151 567
152 567
153 567
154 567
155 567
156 567
157 567
158 567
159 567
160 567
161 567
162 567
163 567
164 567
165 567
166 567
167 567
168 567
169 567
170 567
171 567
172 567
173 567
174 567
175 567
176 567
176 566
177 566
178 566
179 566
180 566
181 566
182 566
183 566
184 566
185 566
186 566
187 566
188 566
189 566
190 566
191 566
192 566
193 566
194 566
195 566
196 566
197 566
198 566
199 566
200 566
201 566
202 566
203 566
204 566
205 566
206 566
207 566
208 566
209 566
210 566
211 566
212 566
213 566
214 566
215 566
216 566
217 566
218 566
219 566
220 566
221 566
222 566
223 566
224 566
225 566
226 566
227 566
228 566
229 566
230 566
231 566
232 566
233 566
234 566
235 566
236 566
237 566
238 566
239 566
240 566
241 566
242 566
243 566
244 566
244 565
245 565
246 565
247 565
248 565
249 565
250 565
251 565
252 565
253 565
254 565
254 564
255 564
256 564
257 564
258 564
259 564
260 564
261 564
262 564
263 564
264 564
265 564
266 564
267 564
268 564
269 564
270 564
271 564
272 564
273 564
274 564
275 564
276 564
277 564
278 564
279 564
280 564
281 564
282 564
283 564
284 564
285 564
286 564
287 564
288 564
289 564
290 564
291 564
292 564
293 564
294 564
295 564
296 564
297 564
298 564
299 564
300 564
301 564
302 564
303 564
304 564
305 564
306 564
307 564
308 564
309 564
310 564
311 564
312 564
313 564
314 564
315 564
316 564
317 564
318 564
319 564
320 564
321 564
322 564
323 564
324 564
325 564
326 564
327 564
328 564
329 564
330 564
331 564
332 564
333 564
334 564
335 564
336 564
337 564
338 564
339 564
340 564
341 564
342 564
343 564
344 564
345 564
346 564
347 564
348 564
349 564
350 564
351 564
352 564
353 564
354 564
355 564
356 564
357 564
358 564
359 564
360 564
361 564
362 564
363 564
364 564
365 564
366 564
366 563
367 563
367 562
367 561
367 560
367 559
367 558
367 557
367 556
367 555
367 554
367 553
367 552
367 551
367 550
367 549
367 548
367 547
367 546
367 545
367 544
367 543
367 542
367 541
367 540
367 539
367 538
367 537
367 536
367 535
367 534
367 533
367 532
367 531
367 530
367 529
367 528
367 527
367 526
367 525
367 524
367 523
367 522
367 521
367 520
367 519
367 518
367 517
367 516
367 515
367 514
367 513
367 512
367 511
367 510
367 509
367 508
367 507
367 506
367 505
367 504
367 503
367 502
367 501
367 500
367 499
367 498
367 497
367 496
367 495
367 494
367 493
367 492
367 491
367 490
367 489
367 488
367 487
367 486
367 485
367 484
367 483
367 482
367 481
367 480
367 479
367 478
367 477
367 476
367 475
367 474
367 473
367 472
367 471
367 470
367 469
367 468
367 467
367 466
367 465
367 464
367 463
367 462
367 461
367 460
367 459
367 458
367 457
367 456
367 455
367 454
367 453
367 452
367 451
367 450
367 449
367 448
367 447
367 446
367 445
367 444
367 443
367 442
367 441
367 440
367 439
367 438
367 437
367 436
367 435
367 434
367 433
367 432
367 431
367 430
367 429
367 428
367 427
367 426
367 425
367 424
367 423
367 422
367 421
367 420
367 419
367 418
367 417
367 416
367 415
367 414
367 413
367 412
367 411
367 410
367 409
367 408
367 407
367 406
367 405
367 404
367 403
367 402
367 401
367 400
367 399
367 398
367 397
367 396
367 395
367 394
366 394
365 394
364 394
363 394
362 394
361 394
360 394
359 394
358 394
357 394
356 394
355 394
354 394
353 394
352 394
351 394
350 394
349 394
348 394
347 394
346 394
345 394
344 394
343 394
342 394
341 394
340 394
339 394
338 394
337 394
336 394
335 394
334 394
333 394
332 394
331 394
330 394
329 394
328 394
327 394
326 394
325 394
324 394
323 394
322 394
321 394
320 394
319 394
318 394
317 394
316 394
315 394
314 394
313 394
312 394
311 394
310 394
309 394
308 394
307 394
306 394
305 394
304 394
303 394
303 393
302 393
301 393
300 393
299 393
298 393
297 393
296 393
295 393
294 393
293 393
292 393
291 393
290 393
289 393
288 393
287 393
286 393
285 393
284 393
283 393
282 393
281 393
280 393
279 393
278 393
278 392
277 392
276 392
275 392
274 392
273 392
272 392
271 392
270 392
269 392
268 392
267 392
266 392
265 392
264 392
263 392
262 392
261 392
261 391
260 391
259 391
258 391
257 391
256 391
255 391
254 391
253 391
252 391
251 391
250 391
249 391
248 391
247 391
246 391
245 391
244 391
243 391
242 391
241 391
240 391
239 391
238 391
237 391
236 391
235 391
234 391
233 391
232 391
231 391
230 391
229 391
228 391
227 391
226 391
225 391
225 390
224 390
223 390
222 390
221 390
220 390
219 390
218 390
217 390
216 390
215 390
214 390
213 390
212 390
211 390
210 390
209 390
208 390
207 390
206 390
205 390
204 390
203 390
202 390
201 390
200 390
199 390
198 390
197 390
196 390
195 390
194 390
193 390
192 390
191 390
190 390
189 390
188 390
187 390
186 390
185 390
184 390
183 390
182 390
181 390
180 390
179 390
178 390
177 390
176 390
175 390
174 390
173 390
172 390
171 390
170 390
169 390
168 390
167 390
166 390
165 390
164 390
163 390
162 390
161 390
160 390
159 390
158 390
157 390
157 389
156 389
155 389
154 389
153 389
152 389
151 389
150 389
149 389
148 389
147 389
146 389
145 389
144 389
143 389
142 389
141 389
140 389
139 389
138 389
137 389
136 389
135 389
134 389
133 389
132 389
131 389
130 389
129 389
128 389
127 389
126 389
125 389
124 389
123 389
122 389
121 389
120 389
119 389
118 389
117 389
116 389
115 389
114 389
113 389
112 389
111 389
110 389
109 389
108 389
107 389
106 389
105 389
104 389
103 389
102 389
101 389
100 389
99 389
98 389
97 389
96 389
95 389
94 389
93 389
92 389
91 389
90 389
89 389
88 389
87 389
86 389
85 389
84 389
83 389
82 389
81 389
80 389
79 389
78 389
77 389
76 389
76 388
75 388
75 387
74 387
74 386
74 385
74 384
74 383
74 382
74 381
74 380
74 379
74 378
74 377
74 376
74 375
74 374
74 373
74 372
74 371
74 370
74 369
74 368
74 367
74 366
74 365
74 364
74 363
74 362
74 361
74 360
74 359
74 358
74 357
74 356
74 355
74 354
74 353
74 352
74 351
74 350
74 349
74 348
74 347
74 346
74 345
74 344
74 343
74 342
74 341
74 340
74 339
74 338
74 337
74 336
74 335
74 334
74 333
74 332
74 331
74 330
74 329
74 328
74 327
74 326
74 325
74 324
74 323
74 322
74 321
74 320
74 319
74 318
74 317
74 316
74 315
74 314
74 313
74 312
74 311
74 310
74 309
74 308
74 307
74 306
74 305
74 304
74 303
74 302
74 301
74 300
74 299
74 298
74 297
74 296
74 295
74 294
74 293
74 292
74 291
74 290
74 289
74 288
74 287
74 286
74 285
74 284
74 283
74 282
74 281
74 280
74 279
74 278
74 277
74 276
74 275
74 274
74 273
74 272
74 271
74 270
74 269
74 268
74 267
74 266
74 265
74 264
74 263
74 262
74 261
74 260
74 259
74 258
74 257
74 256
74 255
74 254
74 253
74 252
74 251
74 250
74 249
74 248
74 247
74 246
74 245
74 244
74 243
74 242
74 241
74 240
74 239
74 238
74 237
74 236
74 235
74 234
74 233
74 232
74 231
74 230
75 230
76 230
77 230
78 230
79 230
80 230
81 230
82 230
83 230
84 230
85 230
86 230
87 230
88 230
89 230
90 230
91 230
92 230
93 230
94 230
95 230
96 230
97 230
98 230
99 230
100 230
101 230
102 230
103 230
104 230
105 230
106 230
107 230
108 230
109 230
110 230
111 230
112 230
113 230
114 230
115 230
116 230
117 230
118 230
119 230
120 230
121 230
122 230
123 230
124 230
125 230
126 230
126 229
127 229
128 229
129 229
130 229
131 229
132 229
133 229
134 229
135 229
136 229
137 229
138 229
139 229
140 229
141 229
142 229
143 229
144 229
145 229
146 229
147 229
148 229
149 229
150 229
151 229
152 229
153 229
154 229
155 229
156 229
157 229
158 229
159 229
160 229
161 229
162 229
163 229
164 229
165 229
166 229
167 229
168 229
169 229
170 229
171 229
172 229
173 229
174 229
175 229
176 229
177 229
178 229
179 229
180 229
181 229
182 229
183 229
184 229
185 229
186 229
187 229
188 229
189 229
190 229
191 229
192 229
193 229
194 229
195 229
196 229
197 229
198 229
199 229
200 229
201 229
202 229
203 229
204 229
205 229
206 229
207 229
207 228
208 228
209 228
210 228
211 228
212 228
213 228
214 228
215 228
216 228
217 228
218 228
219 228
220 228
221 228
222 228
223 228
224 228
225 228
226 228
227 228
228 228
229 228
230 228
231 228
232 228
233 228
234 228
235 228
236 228
237 228
238 228
239 228
240 228
241 228
242 228
243 228
244 228
245 228
246 228
247 228
248 228
249 228
250 228
251 228
252 228
253 228
254 228
255 228
256 228
257 228
258 228
259 228
260 228
260 227
261 227
262 227
263 227
264 227
265 227
266 227
267 227
268 227
269 227
270 227
271 227
272 227
273 227
274 227
275 227
276 227
277 227
278 227
279 227
280 227
281 227
282 227
283 227
284 227
285 227
286 227
287 227
288 227
289 227
290 227
291 227
292 227
293 227
294 227
295 227
296 227
297 227
298 227
299 227
300 227
301 227
302 227
303 227
304 227
305 227
306 227
307 227
308 227
309 227
310 227
311 227
312 227
313 227
314 227
315 227
316 227
317 227
318 227
319 227
320 227
321 227
322 227
323 227
324 227
325 227
326 227
327 227
328 227
329 227
330 227
331 227
332 227
333 227
334 227
335 227
336 227
337 227
338 227
339 227
340 227
341 227
342 227
343 227
344 227
345 227
346 227
347 227
348 227
349 227
350 227
351 227
352 227
353 227
354 227
355 227
356 227
357 227
358 227
359 227
360 227
361 227
362 227
363 227
364 227
365 227
365 226
366 226
366 225
367 225
367 224
367 223
367 222
367 221
367 220
367 219
367 218
367 217
367 216
367 215
367 214
367 213
367 212
367 211
367 210
367 209
367 208
367 207
367 206
367 205
367 204
367 203
367 202
367 201
367 200
367 199
367 198
367 197
367 196
367 195
367 194
367 193
367 192
367 191
367 190
367 189
367 188
367 187
367 186
367 185
367 184
367 183
367 182
367 181
367 180
367 179
367 178
367 177
367 176
367 175
367 174
367 173
367 172
367 171
367 170
367 169
367 168
367 167
367 166
367 165
367 164
367 163
367 162
367 161
367 160
367 159
367 158
367 157
367 156
367 155
367 154
367 153
367 152
367 151
367 150
367 149
367 148
367 147
367 146
367 145
367 144
367 143
367 142
367 141
367 140
367 139
367 138
367 137
367 136
367 135
367 134
367 133
367 132
367 131
367 130
367 129
367 128
367 127
367 126
367 125
367 124
367 123
367 122
367 121
367 120
367 119
367 118
367 117
367 116
367 115
367 114
367 113
367 112
367 111
367 110
367 109
367 108
367 107
367 106
367 105
367 104
367 103
367 102
367 101
367 100
367 99
367 98
367 97
367 96
367 95
367 94
367 93
367 92
367 91
367 90
367 89
367 88
367 87
367 86
367 85
367 84
367 83
367 82
367 81
367 80
367 79
367 78
367 77
367 76
367 75
367 74
367 73
367 72
367 71
367 70
367 69
367 68
367 67
367 66
367 65
367 64
367 63
367 62
367 61
367 60
367 59
367 58
367 57
368 57
369 57
370 57
371 57
372 57
373 57
374 57
375 57
376 57
377 57
378 57
379 57
380 57
381 57
382 57
383 57
384 57
385 57
386 57
387 57
388 57
389 57
390 57
391 57
392 57
392 56
393 56
394 56
395 56
396 56
397 56
398 56
399 56
400 56
400 55
400 54
400 53
400 52
400 51
400 50
400 49
400 48
400 47
400 46
400 45
400 44
400 43
400 42
400 41
400 40
401 40
402 40
403 40
404 40
405 40
406 40
407 40
408 40
409 40
410 40
411 40
412 40
413 40
414 40
415 40
416 40
417 40
418 40
419 40
420 40
421 40
422 40
423 40
424 40
425 40
426 40
427 40
428 40
429 40
430 40
431 40
432 40
433 40
434 40
435 40
436 40
437 40
438 40
439 40
440 40
